Analyzing data/output/규저ᆁ집9-343(20250909).json...
Traceback (most recent call last):
  File "/Users/truestone/Dropbox/repo/University/regulation_manager/src/tools/missing_regulations_detector.py", line 21, in load_json
    with open(json_path, 'r', encoding='utf-8') as f:
         ~~~~^^^^^^^^^^^^^^^^^^^^^^^^^^^^^^^^^^
FileNotFoundError: [Errno 2] No such file or directory: 'data/output/규저ᆁ집9-343(20250909).json'

During handling of the above exception, another exception occurred:

Traceback (most recent call last):
  File "/Users/truestone/Dropbox/repo/University/regulation_manager/src/tools/missing_regulations_detector.py", line 346, in <module>
    sys.exit(main())
             ~~~~^^
  File "/Users/truestone/Dropbox/repo/University/regulation_manager/src/tools/missing_regulations_detector.py", line 282, in main
    data = load_json(json_path)
  File "/Users/truestone/Dropbox/repo/University/regulation_manager/src/tools/missing_regulations_detector.py", line 28, in load_json
    with open(json_path, 'r', encoding='utf-8') as f:
         ~~~~^^^^^^^^^^^^^^^^^^^^^^^^^^^^^^^^^^
FileNotFoundError: [Errno 2] No such file or directory: '/Users/truestone/Dropbox/repo/University/regulation_manager/data/output/규저ᆁ집9-343(20250909).json'
